    1  git -V
    2  git --version
    3  mkdir cs131
    4  cd cs131
    5  echo "this is my readme" >
    6  echo "this is my readme" > README.md
    7  git init
    8  ls
    9  git add README.md
   10  git status
   11  git commit -m "first commit"
   12  git config --global user.email "anshikaj03@gmail.com"
   13  git config --global user.name "anshika"
   14  git commit -m "first commit"
   15  git branch -M main
   16  git remote add origin https://github.com/appleJuiceB/cs131.git
   17  git push -u orgin main
   18  git push -u origin main
   19  push -u origin main
   20  git push -u origin main
   21  git status
   22  echo "add another line" >> README.md
   23  git status
   24  git add README.md
   25  git commit -m "add another line in README"
   26  git push -u orgin main
   27  git push -u origin main
   28  ls
   29  cd cs131
   30  ls
   31  mkdir ws2
   32  ls
   33  echo "Test File" > ws2/test.txt
   34  git commit -m "Adding directory ws2"
   35  git add ws2
   36  git commit -m "Adding directory ws2"
   37  git push origin main
   38  ls
   39  cd cs131
   40  ls
   41  pwd
   42  id
   43  mkdir sample1
   44  cd sample1
   45  mkdir sample2
   46  touch a.text
   47  cd sample2
   48  touch a.text
   49  ls
   50  pwd
   51  cd..
   52  cd ..
   53  touch .b/txt
   54  cd ./sample1/sample2
   55  cd ~
   56  pws
   57  pwd
   58  cd cs131
   59  ls
   60  file README.md
   61  file sample1
   62  ls
   63  cat README.md
   64  less README.md
   65  ls
   66  man ls
   67  ls -a
   68  ls -la
   69  ls -las
   70  man ls
   71  ls rah
   72  ls ahr
   73  ls -ahr
   74  ls -har
   75  man ls
   76  la -rahl
   77  man ls
   78  la -rahs
   79  ls -atrhl
   80  cd/
   81  cd /
   82  /bin
   83  cd /
   84  ls
   85  cd /bin
   86  ls
   87  cd .. 
   88  ls
   89  cd etc/
   90  cat passwd
   91  cd ..
   92  cd cs131
   93  ls
   94  cd ..
   95  /
   96  ls
   97  cd ~
   98  ls
   99  cd cs131
  100  ls
  101  cd sample1
  102  ls
  103  cp a.txt b.txt
  104  cp a.text b.txt
  105  ls
  106  cp a.text ./sample2/b.text
  107  ;a
  108  ls
  109  cd sample2
  110  ls
  111  rm b.txt
  112  ls
  113  rm b.text
  114  ls
  115  cd ..
  116  ls
  117  rm -r sample2
  118  ls
  119  rm a.text
  120  ls
  121  touch aa.txt
  122  touch aa123.txt
  123  touch a.txt
  124  ls
  125  ls ?.txt
  126  ls *
  127  ls g*
  128  clear
  129  ls
  130  vim a.txt
  131  cd cs131
  132  ls /proc/meminfo
  133  head /proc/meminfo
  134  head /proc/cpuinfo
  135  tail  /proc/cpuinfo
  136  grep -c "processor" /proc/cpuinfo
  137  grep "model name" /proc/cpuinfo | head -1
  138  cat /proc/cpuinfo
  139  cat /etc/*release
  140  ls /etc.
  141  ls etc
  142  cat /etc/os-release
  143  cd ws2
  144  touch ws2.txt
  145  ls
  146  cd ws2.txt
  147  vim ws2.txt
  148  history > cmds.log
  149  vim cmds.log
  150  cat ws2.txt
  151  cat cmds.log
  152  git status
